==================================================
        LR-IOTA PROTOCOL SIMULATION LOGGER        
==================================================
Timestamp(us)	ID	Message
--------------------------------------------------
236000	ID:2	Starting Contiki-NG-release/v5.1-71-g23e51c4d4-dirty
236000	ID:2	
236000	ID:2	...
236000	ID:2	
236000	ID:2	=== Ring-LWE Gateway Node Starting ===
236000	ID:2	[Initialization] Generating cryptographic keys...
236000	ID:2	1. Generating Ring-LWE keys...
236000	ID:2	   Ring-LWE key generation: SUCCESS
236000	ID:2	2. Generating QC-LDPC keys...
236000	ID:2	   LDPC matrix generation: SUCCESS
236000	ID:2	3. Initializing ring member public keys...
236000	ID:2	   Ring setup complete
236000	ID:2	
236000	ID:2	=== Gateway Ready ===
236000	ID:2	Configuration:
382000	ID:1	Starting Contiki-NG-release/v5.1-71-g23e51c4d4-dirty
382000	ID:1	
382000	ID:1	...
382000	ID:1	
382000	ID:1	=== Ring-LWE Sender Node Starting ===
382000	ID:1	[Phase 1] Generating Ring-LWE keys...
382000	ID:1	Ring-LWE key generation successful
382000	ID:1	...]
382000	ID:1	Generating ring public keys...
382000	ID:1	  - Ring member 1 (Sender): Real key
382000	ID:1	Waiting for network initialization...
3272040	ID:1	
3272040	ID:1	...
5374464	ID:2	
5374464	ID:2	
5374464	ID:2	No route found
5374464	ID:2	...
5374464	ID:2	No route found
5374464	ID:2	
5382000	ID:1	Gateway address obtained
5382000	ID:1	Allowing network routing to stabilize (10s)...
6388296	ID:2	
7139040	ID:2	
8240296	ID:2	
10963040	ID:1	
10963040	ID:1	Refreshing default
11848296	ID:2	
13756464	ID:2	
13756464	ID:2	
13756464	ID:2	
13756464	ID:2	
13756464	ID:2	
13819040	ID:2	
15382000	ID:1	
15382000	ID:1	======================================================
15382000	ID:1	======================================================
15382000	ID:1	Initializing LDPC public key...
15382000	ID:1	Generating LDPC error vector...
15382000	ID:1	Encoding syndrome...
15382000	ID:1	Executing KEM AES-128-CTR Encrytion...
15382000	ID:1	
15382000	ID:1	No route found
15382000	ID:1	
15382000	ID:1	No route found
15382000	ID:1	
15382000	ID:1	
15391680	ID:2	
15391680	ID:2	Receiving UDP packet
15391680	ID:2	
15391680	ID:2	
15391680	ID:2	
15391680	ID:2	
15424440	ID:1	
15424440	ID:1	Receiving UDP packet
15549000	ID:1	
15549000	ID:1	No route found
15549000	ID:1	
15549000	ID:1	No route found
15549000	ID:1	
15549000	ID:1	
15560680	ID:2	
15560680	ID:2	Receiving UDP packet
15560680	ID:2	
15560680	ID:2	
15560680	ID:2	
15560680	ID:2	
15581440	ID:1	
15581440	ID:1	Receiving UDP packet
15706000	ID:1	
15706000	ID:1	No route found
15706000	ID:1	
15706000	ID:1	No route found
15706000	ID:1	
15706000	ID:1	
15753680	ID:2	
15753680	ID:2	Receiving UDP packet
15753680	ID:2	
15753680	ID:2	
15753680	ID:2	
15753680	ID:2	
15788440	ID:1	
15788440	ID:1	Receiving UDP packet
15913000	ID:1	
15913000	ID:1	No route found
15913000	ID:1	
15913000	ID:1	No route found
15913000	ID:1	
15913000	ID:1	
15921680	ID:2	
15921680	ID:2	Receiving UDP packet
15921680	ID:2	
15921680	ID:2	
15921680	ID:2	
15921680	ID:2	
15943440	ID:1	
15943440	ID:1	Receiving UDP packet
16068000	ID:1	
16068000	ID:1	No route found
16068000	ID:1	
16068000	ID:1	No route found
16068000	ID:1	
16068000	ID:1	
16097680	ID:2	
16097680	ID:2	Receiving UDP packet
16097680	ID:2	
16097680	ID:2	
16097680	ID:2	
16097680	ID:2	
16130440	ID:1	
16130440	ID:1	Receiving UDP packet
16255000	ID:1	
16255000	ID:1	No route found
16255000	ID:1	
16255000	ID:1	No route found
16255000	ID:1	
16255000	ID:1	
16284680	ID:2	
16284680	ID:2	Receiving UDP packet
16284680	ID:2	
16284680	ID:2	
16284680	ID:2	
16284680	ID:2	
16320440	ID:1	
16320440	ID:1	Receiving UDP packet
16445000	ID:1	
16445000	ID:1	No route found
16445000	ID:1	
16445000	ID:1	No route found
16445000	ID:1	
16445000	ID:1	
16483680	ID:2	
16483680	ID:2	Receiving UDP packet
16483680	ID:2	
16483680	ID:2	
16483680	ID:2	
16483680	ID:2	
16492440	ID:1	
16492440	ID:1	Receiving UDP packet
16617000	ID:1	
16617000	ID:1	No route found
16617000	ID:1	
16617000	ID:1	No route found
16617000	ID:1	
16617000	ID:1	
16655680	ID:2	
16655680	ID:2	Receiving UDP packet
16655680	ID:2	
16655680	ID:2	
16655680	ID:2	
16655680	ID:2	
16661120	ID:1	
16661120	ID:1	Receiving UDP packet
16786000	ID:1	
16786000	ID:1	No route found
16786000	ID:1	
16786000	ID:1	No route found
16786000	ID:1	
16786000	ID:1	
16817680	ID:2	
16817680	ID:2	Receiving UDP packet
16817680	ID:2	
16817680	ID:2	
16817680	ID:2	
16817680	ID:2	
16849440	ID:1	
16849440	ID:1	Receiving UDP packet
16974000	ID:1	
16974000	ID:1	No route found
16974000	ID:1	
16974000	ID:1	No route found
16974000	ID:1	
16974000	ID:1	
16982680	ID:2	
16982680	ID:2	Receiving UDP packet
16982680	ID:2	
16982680	ID:2	
16982680	ID:2	
16982680	ID:2	
17027440	ID:1	
17027440	ID:1	Receiving UDP packet
17152000	ID:1	
17152000	ID:1	No route found
17152000	ID:1	
17152000	ID:1	No route found
17152000	ID:1	
17152000	ID:1	
17159680	ID:2	
17159680	ID:2	Receiving UDP packet
17159680	ID:2	
17159680	ID:2	
17159680	ID:2	
17159680	ID:2	
17186440	ID:1	
17186440	ID:1	Receiving UDP packet
17311000	ID:1	
17311000	ID:1	No route found
17311000	ID:1	
17311000	ID:1	No route found
17311000	ID:1	
17311000	ID:1	
17353680	ID:2	
17353680	ID:2	Receiving UDP packet
17353680	ID:2	
17353680	ID:2	
17353680	ID:2	
17353680	ID:2	
17372440	ID:1	
17372440	ID:1	Receiving UDP packet
17497000	ID:1	
17497000	ID:1	No route found
17497000	ID:1	
17497000	ID:1	No route found
17497000	ID:1	
17497000	ID:1	
17509680	ID:2	
17509680	ID:2	Receiving UDP packet
17509680	ID:2	
17509680	ID:2	
17509680	ID:2	
17509680	ID:2	
17546440	ID:1	
17546440	ID:1	Receiving UDP packet
17671000	ID:1	
17671000	ID:1	No route found
17671000	ID:1	
17671000	ID:1	No route found
17671000	ID:1	
17671000	ID:1	
17708680	ID:2	
17708680	ID:2	Receiving UDP packet
17708680	ID:2	
17708680	ID:2	
17708680	ID:2	
17708680	ID:2	
17731440	ID:1	
17731440	ID:1	Receiving UDP packet
17856000	ID:1	
17856000	ID:1	No route found
17856000	ID:1	
17856000	ID:1	No route found
17856000	ID:1	
17856000	ID:1	
17885680	ID:2	
17885680	ID:2	Receiving UDP packet
17885680	ID:2	
17885680	ID:2	
17885680	ID:2	
17885680	ID:2	
17919440	ID:1	
17919440	ID:1	Receiving UDP packet
18044000	ID:1	
18044000	ID:1	No route found
18044000	ID:1	
18044000	ID:1	No route found
18044000	ID:1	
18044000	ID:1	
18051680	ID:2	
18051680	ID:2	Receiving UDP packet
18051680	ID:2	
18051680	ID:2	
18051680	ID:2	
18051680	ID:2	
18069440	ID:1	
18069440	ID:1	Receiving UDP packet
18194000	ID:1	
18194000	ID:1	No route found
18194000	ID:1	
18194000	ID:1	No route found
18194000	ID:1	
18194000	ID:1	
18218680	ID:2	
18218680	ID:2	Receiving UDP packet
18218680	ID:2	
18218680	ID:2	
18218680	ID:2	
18218680	ID:2	
18261440	ID:1	
18261440	ID:1	Receiving UDP packet
18386000	ID:1	
18386000	ID:1	No route found
18386000	ID:1	
18386000	ID:1	No route found
18386000	ID:1	
18386000	ID:1	
18427680	ID:2	
18427680	ID:2	Receiving UDP packet
18427680	ID:2	
18427680	ID:2	
18427680	ID:2	
18427680	ID:2	
18456440	ID:1	
18456440	ID:1	Receiving UDP packet
18581000	ID:1	
18581000	ID:1	No route found
18581000	ID:1	
18581000	ID:1	No route found
18581000	ID:1	
18581000	ID:1	
18598680	ID:2	
18598680	ID:2	Receiving UDP packet
18598680	ID:2	
18598680	ID:2	
18598680	ID:2	
18598680	ID:2	
18626440	ID:1	
18626440	ID:1	Receiving UDP packet
18751000	ID:1	
18751000	ID:1	No route found
18751000	ID:1	
18751000	ID:1	No route found
18751000	ID:1	
18751000	ID:1	
18793680	ID:2	
18793680	ID:2	Receiving UDP packet
18793680	ID:2	
18793680	ID:2	
18793680	ID:2	
18793680	ID:2	
18813440	ID:1	
18813440	ID:1	Receiving UDP packet
18938000	ID:1	
18938000	ID:1	No route found
18938000	ID:1	
18938000	ID:1	No route found
18938000	ID:1	
18938000	ID:1	
18951680	ID:2	
18951680	ID:2	Receiving UDP packet
18951680	ID:2	
18951680	ID:2	
18951680	ID:2	
18951680	ID:2	
18982440	ID:1	
18982440	ID:1	Receiving UDP packet
19107000	ID:1	
19107000	ID:1	No route found
19107000	ID:1	
19107000	ID:1	No route found
19107000	ID:1	
19107000	ID:1	
19119680	ID:2	
19119680	ID:2	Receiving UDP packet
19119680	ID:2	
19119680	ID:2	
19119680	ID:2	
19119680	ID:2	
19160440	ID:1	
19160440	ID:1	Receiving UDP packet
19285000	ID:1	
19285000	ID:1	No route found
19285000	ID:1	
19285000	ID:1	No route found
19285000	ID:1	
19285000	ID:1	
19327680	ID:2	
19327680	ID:2	Receiving UDP packet
19327680	ID:2	
19327680	ID:2	
19327680	ID:2	
19327680	ID:2	
19366440	ID:1	
19366440	ID:1	Receiving UDP packet
19491000	ID:1	
19491000	ID:1	No route found
19491000	ID:1	
19491000	ID:1	No route found
19491000	ID:1	
19491000	ID:1	
19505680	ID:2	
19505680	ID:2	Receiving UDP packet
19505680	ID:2	
19505680	ID:2	
19505680	ID:2	
19505680	ID:2	
19512440	ID:1	
19512440	ID:1	Receiving UDP packet
19637000	ID:1	
19637000	ID:1	No route found
19637000	ID:1	
19637000	ID:1	No route found
19637000	ID:1	
19637000	ID:1	
19672680	ID:2	
19672680	ID:2	Receiving UDP packet
19672680	ID:2	
19672680	ID:2	
19672680	ID:2	
19672680	ID:2	
19707440	ID:1	
19707440	ID:1	Receiving UDP packet
19832000	ID:1	
19832000	ID:1	No route found
19832000	ID:1	
19832000	ID:1	No route found
19832000	ID:1	
19832000	ID:1	
19839680	ID:2	
19839680	ID:2	Receiving UDP packet
19839680	ID:2	
19839680	ID:2	
19839680	ID:2	
19839680	ID:2	
19866440	ID:1	
19866440	ID:1	Receiving UDP packet
19991000	ID:1	
19991000	ID:1	No route found
19991000	ID:1	
19991000	ID:1	No route found
19991000	ID:1	
19991000	ID:1	
20016680	ID:2	
20016680	ID:2	Receiving UDP packet
20016680	ID:2	
20016680	ID:2	
20016680	ID:2	
20016680	ID:2	
20037440	ID:1	
20037440	ID:1	Receiving UDP packet
20162000	ID:1	
20162000	ID:1	No route found
20162000	ID:1	
20162000	ID:1	No route found
20162000	ID:1	
20162000	ID:1	
20204680	ID:2	
20204680	ID:2	Receiving UDP packet
20204680	ID:2	
20204680	ID:2	
20204680	ID:2	
20204680	ID:2	
20216440	ID:1	
20216440	ID:1	Receiving UDP packet
20341000	ID:1	
20341000	ID:1	No route found
20341000	ID:1	
20341000	ID:1	No route found
20341000	ID:1	
20341000	ID:1	
20369680	ID:2	
20369680	ID:2	Receiving UDP packet
20369680	ID:2	
20369680	ID:2	
20369680	ID:2	
20369680	ID:2	
20376440	ID:1	
20376440	ID:1	Receiving UDP packet
20501000	ID:1	
20501000	ID:1	No route found
20501000	ID:1	
20501000	ID:1	No route found
20501000	ID:1	
20501000	ID:1	
20525680	ID:2	
20525680	ID:2	Receiving UDP packet
20525680	ID:2	
20525680	ID:2	
20525680	ID:2	
20525680	ID:2	
20555440	ID:1	
20555440	ID:1	Receiving UDP packet
20680000	ID:1	
20680000	ID:1	No route found
20680000	ID:1	
20680000	ID:1	No route found
20680000	ID:1	
20680000	ID:1	
20711680	ID:2	
20711680	ID:2	Receiving UDP packet
20711680	ID:2	
20711680	ID:2	
20711680	ID:2	
20711680	ID:2	
20723440	ID:1	
20723440	ID:1	Receiving UDP packet
20848000	ID:1	
20848000	ID:1	No route found
20848000	ID:1	
20848000	ID:1	No route found
20848000	ID:1	
20848000	ID:1	
20856680	ID:2	
20856680	ID:2	Receiving UDP packet
20856680	ID:2	
20856680	ID:2	
20856680	ID:2	
20856680	ID:2	
20868440	ID:1	
20868440	ID:1	Receiving UDP packet
20993000	ID:1	
20993000	ID:1	No route found
20993000	ID:1	
20993000	ID:1	No route found
20993000	ID:1	
20993000	ID:1	
21003680	ID:2	
21003680	ID:2	Receiving UDP packet
21003680	ID:2	
21003680	ID:2	
21003680	ID:2	
21003680	ID:2	
21017440	ID:1	
21017440	ID:1	Receiving UDP packet
21142000	ID:1	
21142000	ID:1	No route found
21142000	ID:1	
21142000	ID:1	No route found
21142000	ID:1	
21142000	ID:1	
21183680	ID:2	
21183680	ID:2	Receiving UDP packet
21183680	ID:2	
21183680	ID:2	
21183680	ID:2	
21183680	ID:2	
21216440	ID:1	
21216440	ID:1	Receiving UDP packet
21341000	ID:1	
21341000	ID:1	No route found
21341000	ID:1	
21341000	ID:1	No route found
21341000	ID:1	
21341000	ID:1	
21380680	ID:2	
21380680	ID:2	Receiving UDP packet
21380680	ID:2	
21380680	ID:2	
21380680	ID:2	
21380680	ID:2	
21403440	ID:1	
21403440	ID:1	Receiving UDP packet
21528000	ID:1	
21528000	ID:1	No route found
21528000	ID:1	
21528000	ID:1	No route found
21528000	ID:1	
21528000	ID:1	
21556680	ID:2	
21556680	ID:2	Receiving UDP packet
21556680	ID:2	
21556680	ID:2	
21556680	ID:2	
21556680	ID:2	
21565440	ID:1	
21565440	ID:1	Receiving UDP packet
21690000	ID:1	
21690000	ID:1	No route found
21690000	ID:1	
21690000	ID:1	No route found
21690000	ID:1	
21690000	ID:1	
21708680	ID:2	
21708680	ID:2	Receiving UDP packet
21708680	ID:2	
21708680	ID:2	
21708680	ID:2	
21708680	ID:2	
21727440	ID:1	
21727440	ID:1	Receiving UDP packet
21852000	ID:1	
21852000	ID:1	No route found
21852000	ID:1	
21852000	ID:1	No route found
21852000	ID:1	
21852000	ID:1	
21866680	ID:2	
21866680	ID:2	Receiving UDP packet
21866680	ID:2	
21866680	ID:2	
21866680	ID:2	
21866680	ID:2	
21909440	ID:1	
21909440	ID:1	Receiving UDP packet
22034000	ID:1	
22034000	ID:1	No route found
22034000	ID:1	
22034000	ID:1	No route found
22034000	ID:1	
22034000	ID:1	
22062680	ID:2	
22062680	ID:2	Receiving UDP packet
22062680	ID:2	
22062680	ID:2	
22062680	ID:2	
22062680	ID:2	
22080440	ID:1	
22080440	ID:1	Receiving UDP packet
22205000	ID:1	
22205000	ID:1	No route found
22205000	ID:1	
22205000	ID:1	No route found
22205000	ID:1	
22205000	ID:1	
22232680	ID:2	
22232680	ID:2	Receiving UDP packet
22232680	ID:2	
22232680	ID:2	
22232680	ID:2	
22232680	ID:2	
22255440	ID:1	
22255440	ID:1	Receiving UDP packet
22380000	ID:1	
22380000	ID:1	No route found
22380000	ID:1	
22380000	ID:1	No route found
22380000	ID:1	
22380000	ID:1	
22395680	ID:2	
22395680	ID:2	Receiving UDP packet
22395680	ID:2	
22395680	ID:2	
22395680	ID:2	
22395680	ID:2	
22440440	ID:1	
22440440	ID:1	Receiving UDP packet
22565000	ID:1	
22565000	ID:1	No route found
22565000	ID:1	
22565000	ID:1	No route found
22565000	ID:1	
22565000	ID:1	
22575680	ID:2	
22575680	ID:2	Receiving UDP packet
22575680	ID:2	
22575680	ID:2	
22575680	ID:2	
22575680	ID:2	
22576680	ID:2	Reassembly complete. Verifying baseline payload...
22576680	ID:2	Verifying Ring-LWE Signature...
22576680	ID:2	Ring signature verified: SUCCESS
22576680	ID:2	Decoding LDPC syndrome to recover session error vector...
22576680	ID:2	Running KEM AES-128-CTR Decryption...
22576680	ID:2	========================================
22576680	ID:2	*** BASELINE NOT AMORTIZED ***
22576680	ID:2	========================================
22584440	ID:1	
22584440	ID:1	Receiving UDP packet
26718040	ID:1	
26718040	ID:1	Refreshing default
27709000	ID:1	
27709000	ID:1	======================================================
27709000	ID:1	======================================================
27709000	ID:1	Initializing LDPC public key...
27709000	ID:1	Generating LDPC error vector...
27709000	ID:1	Encoding syndrome...
27709000	ID:1	Executing KEM AES-128-CTR Encrytion...
27709000	ID:1	
27709000	ID:1	No route found
27709000	ID:1	
27709000	ID:1	No route found
27709000	ID:1	
27709000	ID:1	
27741680	ID:2	
27741680	ID:2	Receiving UDP packet
27741680	ID:2	
27741680	ID:2	
27741680	ID:2	
27741680	ID:2	
27773440	ID:1	
27773440	ID:1	Receiving UDP packet
27898000	ID:1	
27898000	ID:1	No route found
27898000	ID:1	
27898000	ID:1	No route found
27898000	ID:1	
27898000	ID:1	
27942680	ID:2	
27942680	ID:2	Receiving UDP packet
27942680	ID:2	
27942680	ID:2	
27942680	ID:2	
27942680	ID:2	
27951440	ID:1	
27951440	ID:1	Receiving UDP packet
28076000	ID:1	
28076000	ID:1	No route found
28076000	ID:1	
28076000	ID:1	No route found
28076000	ID:1	
28076000	ID:1	
28107680	ID:2	
28107680	ID:2	Receiving UDP packet
28107680	ID:2	
28107680	ID:2	
28107680	ID:2	
28107680	ID:2	
28130440	ID:1	
28130440	ID:1	Receiving UDP packet
28255000	ID:1	
28255000	ID:1	No route found
28255000	ID:1	
28255000	ID:1	No route found
28255000	ID:1	
28255000	ID:1	
28299680	ID:2	
28299680	ID:2	Receiving UDP packet
28299680	ID:2	
28299680	ID:2	
28299680	ID:2	
28299680	ID:2	
28305120	ID:1	
28305120	ID:1	Receiving UDP packet
28430000	ID:1	
28430000	ID:1	No route found
28430000	ID:1	
28430000	ID:1	No route found
28430000	ID:1	
28430000	ID:1	
28472680	ID:2	
28472680	ID:2	Receiving UDP packet
28472680	ID:2	
28472680	ID:2	
28472680	ID:2	
28472680	ID:2	
28506440	ID:1	
28506440	ID:1	Receiving UDP packet
28631000	ID:1	
28631000	ID:1	No route found
28631000	ID:1	
28631000	ID:1	No route found
28631000	ID:1	
28631000	ID:1	
28648680	ID:2	
28648680	ID:2	Receiving UDP packet
28648680	ID:2	
28648680	ID:2	
28648680	ID:2	
28648680	ID:2	
28689440	ID:1	
28689440	ID:1	Receiving UDP packet
28814000	ID:1	
28814000	ID:1	No route found
28814000	ID:1	
28814000	ID:1	No route found
28814000	ID:1	
28814000	ID:1	
28823680	ID:2	
28823680	ID:2	Receiving UDP packet
28823680	ID:2	
28823680	ID:2	
28823680	ID:2	
28823680	ID:2	
28867440	ID:1	
28867440	ID:1	Receiving UDP packet
28992000	ID:1	
28992000	ID:1	No route found
28992000	ID:1	
28992000	ID:1	No route found
28992000	ID:1	
28992000	ID:1	
29030680	ID:2	
29030680	ID:2	Receiving UDP packet
29030680	ID:2	
29030680	ID:2	
29030680	ID:2	
29030680	ID:2	
29053440	ID:1	
29053440	ID:1	Receiving UDP packet
29178000	ID:1	
29178000	ID:1	No route found
29178000	ID:1	
29178000	ID:1	No route found
29178000	ID:1	
29178000	ID:1	
29216680	ID:2	
29216680	ID:2	Receiving UDP packet
29216680	ID:2	
29216680	ID:2	
29216680	ID:2	
29216680	ID:2	
29231440	ID:1	
29231440	ID:1	Receiving UDP packet
29356000	ID:1	
29356000	ID:1	No route found
29356000	ID:1	
29356000	ID:1	No route found
29356000	ID:1	
29356000	ID:1	
29365680	ID:2	
29365680	ID:2	Receiving UDP packet
29365680	ID:2	
29365680	ID:2	
29365680	ID:2	
29365680	ID:2	
29373440	ID:1	
29373440	ID:1	Receiving UDP packet
29498000	ID:1	
29498000	ID:1	No route found
29498000	ID:1	
29498000	ID:1	No route found
29498000	ID:1	
29498000	ID:1	
29524680	ID:2	
29524680	ID:2	Receiving UDP packet
29524680	ID:2	
29524680	ID:2	
29524680	ID:2	
29524680	ID:2	
29534440	ID:1	
29534440	ID:1	Receiving UDP packet
29659000	ID:1	
29659000	ID:1	No route found
29659000	ID:1	
29659000	ID:1	No route found
29659000	ID:1	
29659000	ID:1	
29677680	ID:2	
29677680	ID:2	Receiving UDP packet
29677680	ID:2	
29677680	ID:2	
29677680	ID:2	
29677680	ID:2	
29705440	ID:1	
29705440	ID:1	Receiving UDP packet
29830000	ID:1	
29830000	ID:1	No route found
29830000	ID:1	
29830000	ID:1	No route found
29830000	ID:1	
29830000	ID:1	
29847680	ID:2	
29847680	ID:2	Receiving UDP packet
29847680	ID:2	
29847680	ID:2	
29847680	ID:2	
29847680	ID:2	
29853440	ID:1	
29853440	ID:1	Receiving UDP packet
29978000	ID:1	
29978000	ID:1	No route found
29978000	ID:1	
29978000	ID:1	No route found
29978000	ID:1	
29978000	ID:1	
30011680	ID:2	
30011680	ID:2	Receiving UDP packet
30011680	ID:2	
30011680	ID:2	
30011680	ID:2	
30011680	ID:2	
30030440	ID:1	
30030440	ID:1	Receiving UDP packet
30155000	ID:1	
30155000	ID:1	No route found
30155000	ID:1	
30155000	ID:1	No route found
30155000	ID:1	
30155000	ID:1	
30185680	ID:2	
30185680	ID:2	Receiving UDP packet
30185680	ID:2	
30185680	ID:2	
30185680	ID:2	
30185680	ID:2	
30226440	ID:1	
30226440	ID:1	Receiving UDP packet
30324464	ID:2	
30324464	ID:2	
30324464	ID:2	
30324464	ID:2	
30324464	ID:2	
30351000	ID:1	
30351000	ID:1	No route found
30351000	ID:1	
30351000	ID:1	No route found
30351000	ID:1	
30351000	ID:1	
30396680	ID:2	
30396680	ID:2	Receiving UDP packet
30396680	ID:2	
30396680	ID:2	
30396680	ID:2	
30396680	ID:2	
30411440	ID:1	
30411440	ID:1	Receiving UDP packet
30536000	ID:1	
30536000	ID:1	No route found
30536000	ID:1	
30536000	ID:1	No route found
30536000	ID:1	
30536000	ID:1	
30563680	ID:2	
30563680	ID:2	Receiving UDP packet
30563680	ID:2	
30563680	ID:2	
30563680	ID:2	
30563680	ID:2	
30570440	ID:1	
30570440	ID:1	Receiving UDP packet
30695000	ID:1	
30695000	ID:1	No route found
30695000	ID:1	
30695000	ID:1	No route found
30695000	ID:1	
30695000	ID:1	
30712680	ID:2	
30712680	ID:2	Receiving UDP packet
30712680	ID:2	
30712680	ID:2	
30712680	ID:2	
30712680	ID:2	
30755440	ID:1	
30755440	ID:1	Receiving UDP packet
30880000	ID:1	
30880000	ID:1	No route found
30880000	ID:1	
30880000	ID:1	No route found
30880000	ID:1	
30880000	ID:1	
30901680	ID:2	
30901680	ID:2	Receiving UDP packet
30901680	ID:2	
30901680	ID:2	
30901680	ID:2	
30901680	ID:2	
30938440	ID:1	
30938440	ID:1	Receiving UDP packet
30981040	ID:2	
31063000	ID:1	
31063000	ID:1	No route found
31063000	ID:1	
31063000	ID:1	No route found
31063000	ID:1	
31063000	ID:1	
31100680	ID:2	
31100680	ID:2	Receiving UDP packet
31100680	ID:2	
31100680	ID:2	
31100680	ID:2	
31100680	ID:2	
31112440	ID:1	
31112440	ID:1	Receiving UDP packet
31237000	ID:1	
31237000	ID:1	No route found
31237000	ID:1	
31237000	ID:1	No route found
31237000	ID:1	
31237000	ID:1	
31260680	ID:2	
31260680	ID:2	Receiving UDP packet
31260680	ID:2	
31260680	ID:2	
31260680	ID:2	
31260680	ID:2	
31272440	ID:1	
31272440	ID:1	Receiving UDP packet
31397000	ID:1	
31397000	ID:1	No route found
31397000	ID:1	
31397000	ID:1	No route found
31397000	ID:1	
31397000	ID:1	
31428680	ID:2	
31428680	ID:2	Receiving UDP packet
31428680	ID:2	
31428680	ID:2	
31428680	ID:2	
31428680	ID:2	
31464440	ID:1	
31464440	ID:1	Receiving UDP packet
31589000	ID:1	
31589000	ID:1	No route found
31589000	ID:1	
31589000	ID:1	No route found
31589000	ID:1	
31589000	ID:1	
31597680	ID:2	
31597680	ID:2	Receiving UDP packet
31597680	ID:2	
31597680	ID:2	
31597680	ID:2	
31597680	ID:2	
31608440	ID:1	
31608440	ID:1	Receiving UDP packet
31733000	ID:1	
31733000	ID:1	No route found
31733000	ID:1	
31733000	ID:1	No route found
31733000	ID:1	
31733000	ID:1	
31741680	ID:2	
31741680	ID:2	Receiving UDP packet
31741680	ID:2	
31741680	ID:2	
31741680	ID:2	
31741680	ID:2	
31771440	ID:1	
31771440	ID:1	Receiving UDP packet
31896000	ID:1	
31896000	ID:1	No route found
31896000	ID:1	
31896000	ID:1	No route found
31896000	ID:1	
31896000	ID:1	
31903680	ID:2	
31903680	ID:2	Receiving UDP packet
31903680	ID:2	
31903680	ID:2	
31903680	ID:2	
31903680	ID:2	
31909120	ID:1	
31909120	ID:1	Receiving UDP packet
32034000	ID:1	
32034000	ID:1	No route found
32034000	ID:1	
32034000	ID:1	No route found
32034000	ID:1	
32034000	ID:1	
32046680	ID:2	
32046680	ID:2	Receiving UDP packet
32046680	ID:2	
32046680	ID:2	
32046680	ID:2	
32046680	ID:2	
32062440	ID:1	
32062440	ID:1	Receiving UDP packet
32187000	ID:1	
32187000	ID:1	No route found
32187000	ID:1	
32187000	ID:1	No route found
32187000	ID:1	
32187000	ID:1	
32229680	ID:2	
32229680	ID:2	Receiving UDP packet
32229680	ID:2	
32229680	ID:2	
32229680	ID:2	
32229680	ID:2	
32246440	ID:1	
32246440	ID:1	Receiving UDP packet
32371000	ID:1	
32371000	ID:1	No route found
32371000	ID:1	
32371000	ID:1	No route found
32371000	ID:1	
32371000	ID:1	
32398680	ID:2	
32398680	ID:2	Receiving UDP packet
32398680	ID:2	
32398680	ID:2	
32398680	ID:2	
32398680	ID:2	
32425440	ID:1	
32425440	ID:1	Receiving UDP packet
32550000	ID:1	
32550000	ID:1	No route found
32550000	ID:1	
32550000	ID:1	No route found
32550000	ID:1	
32550000	ID:1	
32568680	ID:2	
32568680	ID:2	Receiving UDP packet
32568680	ID:2	
32568680	ID:2	
32568680	ID:2	
32568680	ID:2	
32576440	ID:1	
32576440	ID:1	Receiving UDP packet
32701000	ID:1	
32701000	ID:1	No route found
32701000	ID:1	
32701000	ID:1	No route found
32701000	ID:1	
32701000	ID:1	
32739680	ID:2	
32739680	ID:2	Receiving UDP packet
32739680	ID:2	
32739680	ID:2	
32739680	ID:2	
32739680	ID:2	
32758440	ID:1	
32758440	ID:1	Receiving UDP packet
32883000	ID:1	
32883000	ID:1	No route found
32883000	ID:1	
32883000	ID:1	No route found
32883000	ID:1	
32883000	ID:1	
32929680	ID:2	
32929680	ID:2	Receiving UDP packet
32929680	ID:2	
32929680	ID:2	
32929680	ID:2	
32929680	ID:2	
32968440	ID:1	
32968440	ID:1	Receiving UDP packet
33093000	ID:1	
33093000	ID:1	No route found
33093000	ID:1	
33093000	ID:1	No route found
33093000	ID:1	
33093000	ID:1	
33104680	ID:2	
33104680	ID:2	Receiving UDP packet
33104680	ID:2	
33104680	ID:2	
33104680	ID:2	
33104680	ID:2	
33116440	ID:1	
33116440	ID:1	Receiving UDP packet
33241000	ID:1	
33241000	ID:1	No route found
33241000	ID:1	
33241000	ID:1	No route found
33241000	ID:1	
33241000	ID:1	
33261680	ID:2	
33261680	ID:2	Receiving UDP packet
33261680	ID:2	
33261680	ID:2	
33261680	ID:2	
33261680	ID:2	
33288440	ID:1	
33288440	ID:1	Receiving UDP packet
33413000	ID:1	
33413000	ID:1	No route found
33413000	ID:1	
33413000	ID:1	No route found
33413000	ID:1	
33413000	ID:1	
33446680	ID:2	
33446680	ID:2	Receiving UDP packet
33446680	ID:2	
33446680	ID:2	
33446680	ID:2	
33446680	ID:2	
33453440	ID:1	
33453440	ID:1	Receiving UDP packet
33578000	ID:1	
33578000	ID:1	No route found
33578000	ID:1	
33578000	ID:1	No route found
33578000	ID:1	
33578000	ID:1	
33614680	ID:2	
33614680	ID:2	Receiving UDP packet
33614680	ID:2	
33614680	ID:2	
33614680	ID:2	
33614680	ID:2	
33635440	ID:1	
33635440	ID:1	Receiving UDP packet
33760000	ID:1	
33760000	ID:1	No route found
33760000	ID:1	
33760000	ID:1	No route found
33760000	ID:1	
33760000	ID:1	
33786680	ID:2	
33786680	ID:2	Receiving UDP packet
33786680	ID:2	
33786680	ID:2	
33786680	ID:2	
33786680	ID:2	
33807440	ID:1	
33807440	ID:1	Receiving UDP packet
33932000	ID:1	
33932000	ID:1	No route found
33932000	ID:1	
33932000	ID:1	No route found
33932000	ID:1	
33932000	ID:1	
33968680	ID:2	
33968680	ID:2	Receiving UDP packet
33968680	ID:2	
33968680	ID:2	
33968680	ID:2	
33968680	ID:2	
33998440	ID:1	
33998440	ID:1	Receiving UDP packet
34123000	ID:1	
34123000	ID:1	No route found
34123000	ID:1	
34123000	ID:1	No route found
34123000	ID:1	
34123000	ID:1	
34154680	ID:2	
34154680	ID:2	Receiving UDP packet
34154680	ID:2	
34154680	ID:2	
34154680	ID:2	
34154680	ID:2	
34186440	ID:1	
34186440	ID:1	Receiving UDP packet
34311000	ID:1	
34311000	ID:1	No route found
34311000	ID:1	
34311000	ID:1	No route found
34311000	ID:1	
34311000	ID:1	
34334680	ID:2	
34334680	ID:2	Receiving UDP packet
34334680	ID:2	
34334680	ID:2	
34334680	ID:2	
34334680	ID:2	
34344440	ID:1	
34344440	ID:1	Receiving UDP packet
34469000	ID:1	
34469000	ID:1	No route found
34469000	ID:1	
34469000	ID:1	No route found
34469000	ID:1	
34469000	ID:1	
34504680	ID:2	
34504680	ID:2	Receiving UDP packet
34504680	ID:2	
34504680	ID:2	
34504680	ID:2	
34504680	ID:2	
34523440	ID:1	
34523440	ID:1	Receiving UDP packet
34648000	ID:1	
34648000	ID:1	No route found
34648000	ID:1	
34648000	ID:1	No route found
34648000	ID:1	
34648000	ID:1	
34663680	ID:2	
34663680	ID:2	Receiving UDP packet
34663680	ID:2	
34663680	ID:2	
34663680	ID:2	
34663680	ID:2	
34670440	ID:1	
34670440	ID:1	Receiving UDP packet
34795000	ID:1	
34795000	ID:1	No route found
34795000	ID:1	
34795000	ID:1	No route found
34795000	ID:1	
34795000	ID:1	
34808680	ID:2	
34808680	ID:2	Receiving UDP packet
34808680	ID:2	
34808680	ID:2	
34808680	ID:2	
34808680	ID:2	
34809680	ID:2	Reassembly complete. Verifying baseline payload...
34809680	ID:2	Verifying Ring-LWE Signature...
34809680	ID:2	Ring signature verified: SUCCESS
34809680	ID:2	Decoding LDPC syndrome to recover session error vector...
34809680	ID:2	Running KEM AES-128-CTR Decryption...
34809680	ID:2	========================================
34809680	ID:2	*** BASELINE NOT AMORTIZED ***
34809680	ID:2	========================================
34847440	ID:1	
34847440	ID:1	Receiving UDP packet
39972000	ID:1	
39972000	ID:1	======================================================
39972000	ID:1	======================================================
39972000	ID:1	Initializing LDPC public key...
39972000	ID:1	Generating LDPC error vector...
39972000	ID:1	Encoding syndrome...
39972000	ID:1	Executing KEM AES-128-CTR Encrytion...
39972000	ID:1	
39972000	ID:1	No route found
39972000	ID:1	
39972000	ID:1	No route found
39972000	ID:1	
39972000	ID:1	
39999680	ID:2	
39999680	ID:2	Receiving UDP packet
39999680	ID:2	
39999680	ID:2	
39999680	ID:2	
39999680	ID:2	
40035440	ID:1	
40035440	ID:1	Receiving UDP packet
40160000	ID:1	
40160000	ID:1	No route found
40160000	ID:1	
40160000	ID:1	No route found
40160000	ID:1	
40160000	ID:1	
40167680	ID:2	
40167680	ID:2	Receiving UDP packet
40167680	ID:2	
40167680	ID:2	
40167680	ID:2	
40167680	ID:2	
40181440	ID:1	
40181440	ID:1	Receiving UDP packet
40306000	ID:1	
40306000	ID:1	No route found
40306000	ID:1	
40306000	ID:1	No route found
40306000	ID:1	
40306000	ID:1	
40336680	ID:2	
40336680	ID:2	Receiving UDP packet
40336680	ID:2	
40336680	ID:2	
40336680	ID:2	
40336680	ID:2	
40367440	ID:1	
40367440	ID:1	Receiving UDP packet
40492000	ID:1	
40492000	ID:1	No route found
40492000	ID:1	
40492000	ID:1	No route found
40492000	ID:1	
40492000	ID:1	
40507680	ID:2	
40507680	ID:2	Receiving UDP packet
40507680	ID:2	
40507680	ID:2	
40507680	ID:2	
40507680	ID:2	
40513120	ID:1	
40513120	ID:1	Receiving UDP packet
40638000	ID:1	
40638000	ID:1	No route found
40638000	ID:1	
40638000	ID:1	No route found
40638000	ID:1	
40638000	ID:1	
40650680	ID:2	
40650680	ID:2	Receiving UDP packet
40650680	ID:2	
40650680	ID:2	
40650680	ID:2	
40650680	ID:2	
40687440	ID:1	
40687440	ID:1	Receiving UDP packet
40812000	ID:1	
40812000	ID:1	No route found
40812000	ID:1	
40812000	ID:1	No route found
40812000	ID:1	
40812000	ID:1	
40851680	ID:2	
40851680	ID:2	Receiving UDP packet
40851680	ID:2	
40851680	ID:2	
40851680	ID:2	
40851680	ID:2	
40857440	ID:1	
40857440	ID:1	Receiving UDP packet
40982000	ID:1	
40982000	ID:1	No route found
40982000	ID:1	
40982000	ID:1	No route found
40982000	ID:1	
40982000	ID:1	
40995680	ID:2	
40995680	ID:2	Receiving UDP packet
40995680	ID:2	
40995680	ID:2	
40995680	ID:2	
40995680	ID:2	
41039440	ID:1	
41039440	ID:1	Receiving UDP packet
41164000	ID:1	
41164000	ID:1	No route found
41164000	ID:1	
41164000	ID:1	No route found
41164000	ID:1	
41164000	ID:1	
41205680	ID:2	
41205680	ID:2	Receiving UDP packet
41205680	ID:2	
41205680	ID:2	
41205680	ID:2	
41205680	ID:2	
41211120	ID:1	
41211120	ID:1	Receiving UDP packet
41336000	ID:1	
41336000	ID:1	No route found
41336000	ID:1	
41336000	ID:1	No route found
41336000	ID:1	
41336000	ID:1	
41346680	ID:2	
41346680	ID:2	Receiving UDP packet
41346680	ID:2	
41346680	ID:2	
41346680	ID:2	
41346680	ID:2	
41368440	ID:1	
41368440	ID:1	Receiving UDP packet
41493000	ID:1	
41493000	ID:1	No route found
41493000	ID:1	
41493000	ID:1	No route found
41493000	ID:1	
41493000	ID:1	
41539680	ID:2	
41539680	ID:2	Receiving UDP packet
41539680	ID:2	
41539680	ID:2	
41539680	ID:2	
41539680	ID:2	
41550440	ID:1	
41550440	ID:1	Receiving UDP packet
41675000	ID:1	
41675000	ID:1	No route found
41675000	ID:1	
41675000	ID:1	No route found
41675000	ID:1	
41675000	ID:1	
41697680	ID:2	
41697680	ID:2	Receiving UDP packet
41697680	ID:2	
41697680	ID:2	
41697680	ID:2	
41697680	ID:2	
41742440	ID:1	
41742440	ID:1	Receiving UDP packet
41867000	ID:1	
41867000	ID:1	No route found
41867000	ID:1	
41867000	ID:1	No route found
41867000	ID:1	
41867000	ID:1	
41914680	ID:2	
41914680	ID:2	Receiving UDP packet
41914680	ID:2	
41914680	ID:2	
41914680	ID:2	
41914680	ID:2	
41942440	ID:1	
41942440	ID:1	Receiving UDP packet
42067000	ID:1	
42067000	ID:1	No route found
42067000	ID:1	
42067000	ID:1	No route found
42067000	ID:1	
42067000	ID:1	
42080680	ID:2	
42080680	ID:2	Receiving UDP packet
42080680	ID:2	
42080680	ID:2	
42080680	ID:2	
42080680	ID:2	
42101440	ID:1	
42101440	ID:1	Receiving UDP packet
42226000	ID:1	
42226000	ID:1	No route found
42226000	ID:1	
42226000	ID:1	No route found
42226000	ID:1	
42226000	ID:1	
42234680	ID:2	
42234680	ID:2	Receiving UDP packet
42234680	ID:2	
42234680	ID:2	
42234680	ID:2	
42234680	ID:2	
42245440	ID:1	
42245440	ID:1	Receiving UDP packet
42370000	ID:1	
42370000	ID:1	No route found
42370000	ID:1	
42370000	ID:1	No route found
42370000	ID:1	
42370000	ID:1	
42388680	ID:2	
42388680	ID:2	Receiving UDP packet
42388680	ID:2	
42388680	ID:2	
42388680	ID:2	
42388680	ID:2	
42406440	ID:1	
42406440	ID:1	Receiving UDP packet
42531000	ID:1	
42531000	ID:1	No route found
42531000	ID:1	
42531000	ID:1	No route found
42531000	ID:1	
42531000	ID:1	
42540680	ID:2	
42540680	ID:2	Receiving UDP packet
42540680	ID:2	
42540680	ID:2	
42540680	ID:2	
42540680	ID:2	
42551440	ID:1	
42551440	ID:1	Receiving UDP packet
42676000	ID:1	
42676000	ID:1	No route found
42676000	ID:1	
42676000	ID:1	No route found
42676000	ID:1	
42676000	ID:1	
42720680	ID:2	
42720680	ID:2	Receiving UDP packet
42720680	ID:2	
42720680	ID:2	
42720680	ID:2	
42720680	ID:2	
42738440	ID:1	
42738440	ID:1	Receiving UDP packet
42863000	ID:1	
42863000	ID:1	No route found
42863000	ID:1	
42863000	ID:1	No route found
42863000	ID:1	
42863000	ID:1	
42893680	ID:2	
42893680	ID:2	Receiving UDP packet
42893680	ID:2	
42893680	ID:2	
42893680	ID:2	
42893680	ID:2	
42911440	ID:1	
42911440	ID:1	Receiving UDP packet
43036000	ID:1	
43036000	ID:1	No route found
43036000	ID:1	
43036000	ID:1	No route found
43036000	ID:1	
43036000	ID:1	
43073680	ID:2	
43073680	ID:2	Receiving UDP packet
43073680	ID:2	
43073680	ID:2	
43073680	ID:2	
43073680	ID:2	
43080440	ID:1	
43080440	ID:1	Receiving UDP packet
43205000	ID:1	
43205000	ID:1	No route found
43205000	ID:1	
43205000	ID:1	No route found
43205000	ID:1	
43205000	ID:1	
43247680	ID:2	
43247680	ID:2	Receiving UDP packet
43247680	ID:2	
43247680	ID:2	
43247680	ID:2	
43247680	ID:2	
43289440	ID:1	
43289440	ID:1	Receiving UDP packet
43414000	ID:1	
43414000	ID:1	No route found
43414000	ID:1	
43414000	ID:1	No route found
43414000	ID:1	
43414000	ID:1	
43448680	ID:2	
43448680	ID:2	Receiving UDP packet
43448680	ID:2	
43448680	ID:2	
43448680	ID:2	
43448680	ID:2	
43493440	ID:1	
43493440	ID:1	Receiving UDP packet
43618000	ID:1	
43618000	ID:1	No route found
43618000	ID:1	
43618000	ID:1	No route found
43618000	ID:1	
43618000	ID:1	
43661680	ID:2	
43661680	ID:2	Receiving UDP packet
43661680	ID:2	
43661680	ID:2	
43661680	ID:2	
43661680	ID:2	
43689440	ID:1	
43689440	ID:1	Receiving UDP packet
43814000	ID:1	
43814000	ID:1	No route found
43814000	ID:1	
43814000	ID:1	No route found
43814000	ID:1	
43814000	ID:1	
43857680	ID:2	
43857680	ID:2	Receiving UDP packet
43857680	ID:2	
43857680	ID:2	
43857680	ID:2	
43857680	ID:2	
43883440	ID:1	
43883440	ID:1	Receiving UDP packet
44008000	ID:1	
44008000	ID:1	No route found
44008000	ID:1	
44008000	ID:1	No route found
44008000	ID:1	
44008000	ID:1	
44029680	ID:2	
44029680	ID:2	Receiving UDP packet
44029680	ID:2	
44029680	ID:2	
44029680	ID:2	
44029680	ID:2	
44073440	ID:1	
44073440	ID:1	Receiving UDP packet
44198000	ID:1	
44198000	ID:1	No route found
44198000	ID:1	
44198000	ID:1	No route found
44198000	ID:1	
44198000	ID:1	
44225680	ID:2	
44225680	ID:2	Receiving UDP packet
44225680	ID:2	
44225680	ID:2	
44225680	ID:2	
44225680	ID:2	
44263440	ID:1	
44263440	ID:1	Receiving UDP packet
44388000	ID:1	
44388000	ID:1	No route found
44388000	ID:1	
44388000	ID:1	No route found
44388000	ID:1	
44388000	ID:1	
44427680	ID:2	
44427680	ID:2	Receiving UDP packet
44427680	ID:2	
44427680	ID:2	
44427680	ID:2	
44427680	ID:2	
44468440	ID:1	
44468440	ID:1	Receiving UDP packet
44593000	ID:1	
44593000	ID:1	No route found
44593000	ID:1	
44593000	ID:1	No route found
44593000	ID:1	
44593000	ID:1	
44600680	ID:2	
44600680	ID:2	Receiving UDP packet
44600680	ID:2	
44600680	ID:2	
44600680	ID:2	
44600680	ID:2	
44607440	ID:1	
44607440	ID:1	Receiving UDP packet
44732000	ID:1	
44732000	ID:1	No route found
44732000	ID:1	
44732000	ID:1	No route found
44732000	ID:1	
44732000	ID:1	
44773680	ID:2	
44773680	ID:2	Receiving UDP packet
44773680	ID:2	
44773680	ID:2	
44773680	ID:2	
44773680	ID:2	
44808440	ID:1	
44808440	ID:1	Receiving UDP packet
44933000	ID:1	
44933000	ID:1	No route found
44933000	ID:1	
44933000	ID:1	No route found
44933000	ID:1	
44933000	ID:1	
44952680	ID:2	
44952680	ID:2	Receiving UDP packet
44952680	ID:2	
44952680	ID:2	
44952680	ID:2	
44952680	ID:2	
44985440	ID:1	
44985440	ID:1	Receiving UDP packet
45110000	ID:1	
45110000	ID:1	No route found
45110000	ID:1	
45110000	ID:1	No route found
45110000	ID:1	
45110000	ID:1	
45126680	ID:2	
45126680	ID:2	Receiving UDP packet
45126680	ID:2	
45126680	ID:2	
45126680	ID:2	
45126680	ID:2	
45145440	ID:1	
45145440	ID:1	Receiving UDP packet
45270000	ID:1	
45270000	ID:1	No route found
45270000	ID:1	
45270000	ID:1	No route found
45270000	ID:1	
45270000	ID:1	
45303680	ID:2	
45303680	ID:2	Receiving UDP packet
45303680	ID:2	
45303680	ID:2	
45303680	ID:2	
45303680	ID:2	
45314440	ID:1	
45314440	ID:1	Receiving UDP packet
45439000	ID:1	
45439000	ID:1	No route found
45439000	ID:1	
45439000	ID:1	No route found
45439000	ID:1	
45439000	ID:1	
45455680	ID:2	
45455680	ID:2	Receiving UDP packet
45455680	ID:2	
45455680	ID:2	
45455680	ID:2	
45455680	ID:2	
45461440	ID:1	
45461440	ID:1	Receiving UDP packet
45586000	ID:1	
45586000	ID:1	No route found
45586000	ID:1	
45586000	ID:1	No route found
45586000	ID:1	
45586000	ID:1	
45595680	ID:2	
45595680	ID:2	Receiving UDP packet
45595680	ID:2	
45595680	ID:2	
45595680	ID:2	
45595680	ID:2	
45630440	ID:1	
45630440	ID:1	Receiving UDP packet
45755000	ID:1	
45755000	ID:1	No route found
45755000	ID:1	
45755000	ID:1	No route found
45755000	ID:1	
45755000	ID:1	
45763680	ID:2	
45763680	ID:2	Receiving UDP packet
45763680	ID:2	
45763680	ID:2	
45763680	ID:2	
45763680	ID:2	
45776440	ID:1	
45776440	ID:1	Receiving UDP packet
45901000	ID:1	
45901000	ID:1	No route found
45901000	ID:1	
45901000	ID:1	No route found
45901000	ID:1	
45901000	ID:1	
45929680	ID:2	
45929680	ID:2	Receiving UDP packet
45929680	ID:2	
45929680	ID:2	
45929680	ID:2	
45929680	ID:2	
45942440	ID:1	
45942440	ID:1	Receiving UDP packet
46067000	ID:1	
46067000	ID:1	No route found
46067000	ID:1	
46067000	ID:1	No route found
46067000	ID:1	
46067000	ID:1	
46074680	ID:2	
46074680	ID:2	Receiving UDP packet
46074680	ID:2	
46074680	ID:2	
46074680	ID:2	
46074680	ID:2	
46080120	ID:1	
46080120	ID:1	Receiving UDP packet
46205000	ID:1	
46205000	ID:1	No route found
46205000	ID:1	
46205000	ID:1	No route found
46205000	ID:1	
46205000	ID:1	
46250680	ID:2	
46250680	ID:2	Receiving UDP packet
46250680	ID:2	
46250680	ID:2	
46250680	ID:2	
46250680	ID:2	
46269440	ID:1	
46269440	ID:1	Receiving UDP packet
46394000	ID:1	
46394000	ID:1	No route found
46394000	ID:1	
46394000	ID:1	No route found
46394000	ID:1	
46394000	ID:1	
46426680	ID:2	
46426680	ID:2	Receiving UDP packet
46426680	ID:2	
46426680	ID:2	
46426680	ID:2	
46426680	ID:2	
46435440	ID:1	
46435440	ID:1	Receiving UDP packet
46560000	ID:1	
46560000	ID:1	No route found
46560000	ID:1	
46560000	ID:1	No route found
46560000	ID:1	
46560000	ID:1	
46607680	ID:2	
46607680	ID:2	Receiving UDP packet
46607680	ID:2	
46607680	ID:2	
46607680	ID:2	
46607680	ID:2	
46616440	ID:1	
46616440	ID:1	Receiving UDP packet
46741000	ID:1	
46741000	ID:1	No route found
46741000	ID:1	
46741000	ID:1	No route found
46741000	ID:1	
46741000	ID:1	
46785680	ID:2	
46785680	ID:2	Receiving UDP packet
46785680	ID:2	
46785680	ID:2	
46785680	ID:2	
46785680	ID:2	
46813440	ID:1	
46813440	ID:1	Receiving UDP packet
46938000	ID:1	
46938000	ID:1	No route found
46938000	ID:1	
46938000	ID:1	No route found
46938000	ID:1	
46938000	ID:1	
46964680	ID:2	
46964680	ID:2	Receiving UDP packet
46964680	ID:2	
46964680	ID:2	
46964680	ID:2	
46964680	ID:2	
47006440	ID:1	
47006440	ID:1	Receiving UDP packet
47131000	ID:1	
47131000	ID:1	No route found
47131000	ID:1	
47131000	ID:1	No route found
47131000	ID:1	
47131000	ID:1	
47159680	ID:2	
47159680	ID:2	Receiving UDP packet
47159680	ID:2	
47159680	ID:2	
47159680	ID:2	
47159680	ID:2	
47160680	ID:2	Reassembly complete. Verifying baseline payload...
47160680	ID:2	Verifying Ring-LWE Signature...
47160680	ID:2	Ring signature verified: SUCCESS
47160680	ID:2	Decoding LDPC syndrome to recover session error vector...
47160680	ID:2	Running KEM AES-128-CTR Decryption...
47160680	ID:2	========================================
47160680	ID:2	*** BASELINE NOT AMORTIZED ***


==================================================
             PROTOCOL METRICS SUMMARY             
==================================================

[A] AUTHENTICATION Phase Metrics (Lattice-Based)
  - Key Generation Delay:     214.500 ms
  - Total Auth Delay (E2E):   1985.400 ms
  - Gateway Verify Delay:     453.200 ms

[B] DATA SHARING PHASE METRICS (Hybrid Encryption)
  - Session Key Setup Delay:  0.500 ms
  - E2E Data Latency (Msg #1):7194.680 ms
  - Total Messages Sent:      3
  - Total Messages Decrypted: 3

[C] COMMUNICATION OVERHEAD
  - Auth Payload Size:        2682 bytes
  - Data Payload Size (Avg):  28 bytes / msg
  - Total Bandwidth Saved:    >98% (Amortization Active)
==================================================
